Arguments: 
  /usr/bin/node /usr/share/yarn/bin/yarn.js build

PATH: 
  /home/risto/anaconda3/bin:/home/risto/anaconda3/condabin:/home/risto/WebstormProjects/analytics-js-tracardi/node_modules/.bin:/usr/local/sbin:/usr/local/bin:/usr/sbin:/usr/bin:/sbin:/bin:/usr/games:/usr/local/games:/snap/bin

Yarn version: 
  1.22.5

Node version: 
  10.24.0

Platform: 
  linux x64

Trace: 
  SyntaxError: /home/risto/WebstormProjects/analytics-js-tracardi/package.json: Unexpected token } in JSON at position 1150
      at JSON.parse (<anonymous>)
      at /usr/share/yarn/lib/cli.js:1625:59
      at Generator.next (<anonymous>)
      at step (/usr/share/yarn/lib/cli.js:310:30)
      at /usr/share/yarn/lib/cli.js:321:13

npm manifest: 
  {
    "name": "analytics-plugin-tracardi",
    "version": "0.1.0",
    "private": true,
    "dependencies": {
      "analytics": "^0.7.5"
    },
    "devDependencies": {
      "browserify": "^16.5.1",
      "browserify-header": "^1.0.1",
      "replace-in-file": "^3.4.2",
      "rimraf": "^2.6.2",
      "uglify-js": "^3.9.2",
      "yarn": "^1.22.4"
    },
    "scripts": {
      "build": "yarn browserify && yarn snippet:browserify && yarn replace && yarn minify && yarn snippet:minify",
      "browserify": "browserify src/index.js -p [ browserify-header --file src/license.js ] -s unomiTracker -o dist/unomi-tracker.js",
      "snippet:browserify": "browserify src/snippet.js -o dist/snippet.js",
      "replace": "replace-in-file 'analytics.require = require' '//analytics.require = require' dist/unomi-tracker.js",
      "minify": "cd dist && uglifyjs -c -m --comments '/@license/' -o unomi-tracker.min.js --source-map url=unomi-tracker.min.js.map -- unomi-tracker.js",
      "snippet:minify": "cd dist && uglifyjs -c -m -o snippet.min.js --source-map url=snipper.min.js.map -- snippet.js",
      "clean": "rimraf *.log dist/*",
      "clean:all": "yarn clean && rimraf node_modules"
    },
  }

yarn manifest: 
  No manifest

Lockfile: 
  # THIS IS AN AUTOGENERATED FILE. DO NOT EDIT THIS FILE DIRECTLY.
  # yarn lockfile v1
  
  
  "@analytics/cookie-utils@^0.2.3":
    version "0.2.3"
    resolved "https://registry.yarnpkg.com/@analytics/cookie-utils/-/cookie-utils-0.2.3.tgz#e6ab923f88d89f7b02da0cfab585ff193977052f"
    integrity sha512-RiMAVpSluRbWb2hlT9wMJ0r2l+MUZzScYjY+w2iWRzjOr9Zzzs4tYzJT6Sd94PDz3LzCuf4aGOwS6pkKXTEBLw==
  
  "@analytics/core@^0.10.5":
    version "0.10.5"
    resolved "https://registry.yarnpkg.com/@analytics/core/-/core-0.10.5.tgz#655f62a77e2290750439cfcd76a840e13ca3c480"
    integrity sha512-R2W8ybinHXVnWeVLsvI/+ukHzgCWSRT7EoIi6afbWcAsotneFE6vwLwGAKbWIdnGITl1ZaYU6i6wquF6nfF9sQ==
    dependencies:
      analytics-utils "^0.4.4"
  
  "@analytics/storage-utils@^0.2.5":
    version "0.2.5"
    resolved "https://registry.yarnpkg.com/@analytics/storage-utils/-/storage-utils-0.2.5.tgz#bc82a1b5dea8e47ae18718aae687c3408ae7c504"
    integrity sha512-RJdKjR4O86eB5fIfApFfhN8Be/Q709DQiRA7UyS0Ymo6w+usnPPxpm6GaKHVop5CIn3vtlMuUxRA4qZhhBrfMw==
    dependencies:
      "@analytics/cookie-utils" "^0.2.3"
  
  analytics-utils@^0.4.4:
    version "0.4.4"
    resolved "https://registry.yarnpkg.com/analytics-utils/-/analytics-utils-0.4.4.tgz#0fc032c8d3dd8a37f6275ea47f678958204d5bf3"
    integrity sha512-MJ6sT28L9RdLIxf/rrcfoDmnfWNxmDlF32q5SKbsce+KRPUPu+BuAp4IUUMgM+nYKWZAsxjI/piFXWqOv97awQ==
    dependencies:
      "@analytics/storage-utils" "^0.2.5"
      dlv "^1.1.3"
  
  analytics@^0.7.5:
    version "0.7.5"
    resolved "https://registry.yarnpkg.com/analytics/-/analytics-0.7.5.tgz#c65deb0605e6db840415c5f371f894d3dc627919"
    integrity sha512-qOQuczBCux574jxfksdVMhD0in9iw8L7PEEjZ/h/OEolbY2UBpFXqydOSyNRG+oF28bBlSPaDQDc3g8f2CwhKA==
    dependencies:
      "@analytics/core" "^0.10.5"
      "@analytics/storage-utils" "^0.2.5"
  
  dlv@^1.1.3:
    version "1.1.3"
    resolved "https://registry.yarnpkg.com/dlv/-/dlv-1.1.3.tgz#5c198a8a11453596e751494d49874bc7732f2e79"
    integrity sha512-+HlytyjlPKnIG8XuRG8WvmBP8xs8P71y+SKKS6ZXWoEgLuePxtDoUEiH7WkdePWrQ5JBpE6aoVqfZfJUQkjXwA==
